{
"contracts/DTrustFactory.sol":{"l":{"34":138,"50":48,"58":47,"59":47,"60":47,"61":47,"62":47,"69":94,"70":95,"78":142,"79":141,"80":141,"81":141,"89":3,"95":9,"101":2},"path":"/Users/nasir/code/dtrust-contracts/contracts/DTrustFactory.sol","s":{"1":48,"2":47,"3":47,"4":47,"5":47,"6":47,"7":94,"8":95,"9":142,"10":141,"11":141,"12":3,"13":9,"14":2},"b":{"1":[141,1]},"f":{"1":138,"2":48,"3":94,"4":142,"5":3,"6":9,"7":2},"fnMap":{"1":{"name":"constructor","line":33,"loc":{"start":{"line":33,"column":4},"end":{"line":35,"column":4}}},"2":{"name":"createDTRUST","line":43,"loc":{"start":{"line":43,"column":4},"end":{"line":63,"column":4}}},"3":{"name":"addUniqueUsers","line":68,"loc":{"start":{"line":68,"column":4},"end":{"line":72,"column":4}}},"4":{"name":"addUniqueUser","line":77,"loc":{"start":{"line":77,"column":4},"end":{"line":83,"column":4}}},"5":{"name":"getDTrustsByUser","line":88,"loc":{"start":{"line":88,"column":4},"end":{"line":90,"column":4}}},"6":{"name":"collectAnnualFeeForTrust","line":94,"loc":{"start":{"line":94,"column":4},"end":{"line":96,"column":4}}},"7":{"name":"getAllDTrustsCount","line":100,"loc":{"start":{"line":100,"column":4},"end":{"line":102,"column":4}}}},"statementMap":{"1":{"start":{"line":50,"column":8},"end":{"line":50,"column":2084}},"2":{"start":{"line":58,"column":8},"end":{"line":58,"column":42}},"3":{"start":{"line":59,"column":8},"end":{"line":59,"column":41}},"4":{"start":{"line":60,"column":8},"end":{"line":60,"column":43}},"5":{"start":{"line":61,"column":8},"end":{"line":61,"column":48}},"6":{"start":{"line":62,"column":8},"end":{"line":62,"column":56}},"7":{"start":{"line":69,"column":8},"end":{"line":69,"column":2845}},"8":{"start":{"line":70,"column":12},"end":{"line":70,"column":46}},"9":{"start":{"line":78,"column":8},"end":{"line":78,"column":3252}},"10":{"start":{"line":79,"column":12},"end":{"line":79,"column":56}},"11":{"start":{"line":81,"column":12},"end":{"line":81,"column":61}},"12":{"start":{"line":89,"column":8},"end":{"line":89,"column":35}},"13":{"start":{"line":95,"column":8},"end":{"line":95,"column":63}},"14":{"start":{"line":101,"column":8},"end":{"line":101,"column":32}}},"branchMap":{"1":{"line":78,"type":"if","locations":[{"start":{"line":78,"column":8},"end":{"line":78,"column":8}},{"start":{"line":78,"column":8},"end":{"line":78,"column":8}}]}}},
"contracts/DTrustV1.sol":{"l":{"52":20,"53":17,"57":138,"58":130,"76":48,"77":48,"78":48,"79":48,"80":48,"81":48,"82":47,"83":47,"88":9,"89":9,"95":48,"96":48,"97":48,"104":48,"105":48,"106":47,"113":48,"114":49,"115":49,"122":3,"123":2,"124":2,"132":88,"133":88,"134":86,"136":84,"137":84,"138":84,"141":84,"142":84,"155":8,"156":7,"157":6,"158":6,"164":15,"165":13,"166":13,"167":13,"175":4,"176":3,"177":2,"178":1,"179":1,"180":1,"181":1,"188":3,"189":2,"196":15,"197":1,"198":1,"199":1,"200":1,"203":15,"204":29,"205":29,"207":29,"208":25,"209":25,"217":2,"218":1,"219":1,"227":9,"228":8,"230":7,"232":7,"233":2,"234":2,"235":2,"236":2,"239":7,"240":14,"241":14,"242":14,"243":12,"244":12,"245":12,"249":7,"270":1},"path":"/Users/nasir/code/dtrust-contracts/contracts/DTrustV1.sol","s":{"1":20,"2":138,"3":48,"4":48,"5":48,"6":48,"7":48,"8":48,"9":48,"10":48,"11":49,"12":3,"13":2,"14":88,"15":88,"16":86,"17":84,"18":84,"19":84,"20":84,"21":8,"22":7,"23":6,"24":6,"25":15,"26":13,"27":13,"28":4,"29":3,"30":2,"31":1,"32":1,"33":1,"34":3,"35":2,"36":15,"37":1,"38":1,"39":1,"40":15,"41":29,"42":29,"43":29,"44":25,"45":25,"46":2,"47":1,"48":9,"49":8,"50":7,"51":7,"52":2,"53":2,"54":2,"55":7,"56":14,"57":14,"58":14,"59":12,"60":12,"61":12,"62":1},"b":{"1":[17,3],"2":[130,8],"3":[47,1],"4":[0,47],"5":[3,1],"6":[2,1],"7":[88,1],"8":[86,2],"9":[84,2],"10":[84,0],"11":[84,0],"12":[9,1],"13":[8,1],"14":[8,0],"15":[7,1],"16":[6,1],"17":[6,0],"18":[15,1],"19":[15,0],"20":[13,2],"21":[5,1],"22":[4,1],"23":[4,0],"24":[3,1],"25":[2,1],"26":[1,1],"27":[3,1],"28":[3,0],"29":[2,1],"30":[1,14],"31":[25,4],"32":[25,0],"33":[2,1],"34":[1,1],"35":[9,1],"36":[9,0],"37":[8,1],"38":[7,1],"39":[2,5],"40":[12,2],"41":[12,0],"42":[1,1]},"f":{"1":20,"2":138,"3":48,"4":48,"5":48,"6":48,"7":3,"8":88,"9":8,"10":15,"11":4,"12":3,"13":15,"14":2,"15":9,"16":1},"fnMap":{"1":{"name":"isTrustee","line":51,"loc":{"start":{"line":51,"column":4},"end":{"line":54,"column":4}}},"2":{"name":"isActive","line":56,"loc":{"start":{"line":56,"column":4},"end":{"line":59,"column":4}}},"3":{"name":"constructor","line":68,"loc":{"start":{"line":68,"column":4},"end":{"line":84,"column":4}}},"4":{"name":"addBeneficiaries","line":94,"loc":{"start":{"line":94,"column":4},"end":{"line":99,"column":4}}},"5":{"name":"addRevokableAddresses","line":103,"loc":{"start":{"line":103,"column":4},"end":{"line":108,"column":4}}},"6":{"name":"addTrustees","line":112,"loc":{"start":{"line":112,"column":4},"end":{"line":117,"column":4}}},"7":{"name":"depositEth","line":121,"loc":{"start":{"line":121,"column":4},"end":{"line":125,"column":4}}},"8":{"name":"depositToken","line":131,"loc":{"start":{"line":131,"column":4},"end":{"line":143,"column":4}}},"9":{"name":"payout","line":154,"loc":{"start":{"line":150,"column":4},"end":{"line":159,"column":4}}},"10":{"name":"revokeContract","line":163,"loc":{"start":{"line":163,"column":4},"end":{"line":168,"column":4}}},"11":{"name":"payoutEth","line":174,"loc":{"start":{"line":174,"column":4},"end":{"line":182,"column":4}}},"12":{"name":"payoutRemaining","line":187,"loc":{"start":{"line":187,"column":4},"end":{"line":190,"column":4}}},"13":{"name":"payoutAll","line":195,"loc":{"start":{"line":195,"column":4},"end":{"line":212,"column":4}}},"14":{"name":"removeRevokableAddress","line":216,"loc":{"start":{"line":216,"column":4},"end":{"line":220,"column":4}}},"15":{"name":"takeAnnualFee","line":226,"loc":{"start":{"line":226,"column":4},"end":{"line":250,"column":4}}},"16":{"name":"getTrustInfo","line":261,"loc":{"start":{"line":261,"column":4},"end":{"line":271,"column":4}}}},"statementMap":{"1":{"start":{"line":52,"column":8},"end":{"line":52,"column":84}},"2":{"start":{"line":57,"column":8},"end":{"line":57,"column":59}},"3":{"start":{"line":79,"column":8},"end":{"line":79,"column":29}},"4":{"start":{"line":80,"column":8},"end":{"line":80,"column":39}},"5":{"start":{"line":81,"column":8},"end":{"line":81,"column":49}},"6":{"start":{"line":95,"column":8},"end":{"line":95,"column":3489}},"7":{"start":{"line":97,"column":12},"end":{"line":97,"column":48}},"8":{"start":{"line":104,"column":8},"end":{"line":104,"column":3924}},"9":{"start":{"line":105,"column":12},"end":{"line":105,"column":139}},"10":{"start":{"line":113,"column":8},"end":{"line":113,"column":4390}},"11":{"start":{"line":115,"column":12},"end":{"line":115,"column":38}},"12":{"start":{"line":122,"column":8},"end":{"line":122,"column":72}},"13":{"start":{"line":124,"column":8},"end":{"line":124,"column":50}},"14":{"start":{"line":132,"column":8},"end":{"line":132,"column":82}},"15":{"start":{"line":133,"column":8},"end":{"line":133,"column":60}},"16":{"start":{"line":134,"column":8},"end":{"line":134,"column":94}},"17":{"start":{"line":136,"column":8},"end":{"line":136,"column":5466}},"18":{"start":{"line":138,"column":12},"end":{"line":138,"column":29}},"19":{"start":{"line":141,"column":8},"end":{"line":141,"column":102}},"20":{"start":{"line":142,"column":8},"end":{"line":142,"column":54}},"21":{"start":{"line":155,"column":8},"end":{"line":155,"column":109}},"22":{"start":{"line":156,"column":8},"end":{"line":156,"column":101}},"23":{"start":{"line":157,"column":8},"end":{"line":157,"column":87}},"24":{"start":{"line":158,"column":8},"end":{"line":158,"column":48}},"25":{"start":{"line":164,"column":8},"end":{"line":164,"column":87}},"26":{"start":{"line":165,"column":8},"end":{"line":165,"column":24}},"27":{"start":{"line":167,"column":8},"end":{"line":167,"column":22}},"28":{"start":{"line":175,"column":8},"end":{"line":175,"column":109}},"29":{"start":{"line":176,"column":8},"end":{"line":176,"column":54}},"30":{"start":{"line":177,"column":8},"end":{"line":177,"column":81}},"31":{"start":{"line":178,"column":8},"end":{"line":178,"column":52}},"32":{"start":{"line":179,"column":8},"end":{"line":179,"column":32}},"33":{"start":{"line":181,"column":8},"end":{"line":181,"column":58}},"34":{"start":{"line":188,"column":8},"end":{"line":188,"column":100}},"35":{"start":{"line":189,"column":8},"end":{"line":189,"column":25}},"36":{"start":{"line":196,"column":8},"end":{"line":196,"column":8490}},"37":{"start":{"line":197,"column":12},"end":{"line":197,"column":51}},"38":{"start":{"line":198,"column":12},"end":{"line":198,"column":47}},"39":{"start":{"line":200,"column":12},"end":{"line":200,"column":68}},"40":{"start":{"line":203,"column":8},"end":{"line":203,"column":8764}},"41":{"start":{"line":204,"column":12},"end":{"line":204,"column":38}},"42":{"start":{"line":205,"column":12},"end":{"line":205,"column":67}},"43":{"start":{"line":207,"column":12},"end":{"line":207,"column":8949}},"44":{"start":{"line":208,"column":16},"end":{"line":208,"column":88}},"45":{"start":{"line":209,"column":16},"end":{"line":209,"column":49}},"46":{"start":{"line":217,"column":8},"end":{"line":217,"column":75}},"47":{"start":{"line":219,"column":8},"end":{"line":219,"column":47}},"48":{"start":{"line":227,"column":8},"end":{"line":227,"column":78}},"49":{"start":{"line":228,"column":8},"end":{"line":228,"column":78}},"50":{"start":{"line":230,"column":8},"end":{"line":230,"column":54}},"51":{"start":{"line":232,"column":8},"end":{"line":232,"column":10158}},"52":{"start":{"line":233,"column":12},"end":{"line":233,"column":77}},"53":{"start":{"line":234,"column":12},"end":{"line":234,"column":48}},"54":{"start":{"line":236,"column":12},"end":{"line":236,"column":54}},"55":{"start":{"line":239,"column":8},"end":{"line":239,"column":10467}},"56":{"start":{"line":240,"column":12},"end":{"line":240,"column":37}},"57":{"start":{"line":241,"column":12},"end":{"line":241,"column":73}},"58":{"start":{"line":242,"column":12},"end":{"line":242,"column":10643}},"59":{"start":{"line":243,"column":16},"end":{"line":243,"column":74}},"60":{"start":{"line":244,"column":16},"end":{"line":244,"column":94}},"61":{"start":{"line":245,"column":16},"end":{"line":245,"column":55}},"62":{"start":{"line":270,"column":8},"end":{"line":270,"column":93}}},"branchMap":{"1":{"line":52,"type":"if","locations":[{"start":{"line":52,"column":8},"end":{"line":52,"column":8}},{"start":{"line":52,"column":8},"end":{"line":52,"column":8}}]},"2":{"line":57,"type":"if","locations":[{"start":{"line":57,"column":8},"end":{"line":57,"column":8}},{"start":{"line":57,"column":8},"end":{"line":57,"column":8}}]},"3":{"line":105,"type":"if","locations":[{"start":{"line":105,"column":12},"end":{"line":105,"column":12}},{"start":{"line":105,"column":12},"end":{"line":105,"column":12}}]},"4":{"line":105,"type":"cond-expr","locations":[{"start":{"line":105,"column":20},"end":{"line":105,"column":57}},{"start":{"line":105,"column":62},"end":{"line":105,"column":94}}]},"5":{"line":121,"type":"if","locations":[{"start":{"line":121,"column":43},"end":{"line":121,"column":43}},{"start":{"line":121,"column":43},"end":{"line":121,"column":43}}]},"6":{"line":122,"type":"if","locations":[{"start":{"line":122,"column":8},"end":{"line":122,"column":8}},{"start":{"line":122,"column":8},"end":{"line":122,"column":8}}]},"7":{"line":131,"type":"if","locations":[{"start":{"line":131,"column":66},"end":{"line":131,"column":66}},{"start":{"line":131,"column":66},"end":{"line":131,"column":66}}]},"8":{"line":133,"type":"if","locations":[{"start":{"line":133,"column":8},"end":{"line":133,"column":8}},{"start":{"line":133,"column":8},"end":{"line":133,"column":8}}]},"9":{"line":134,"type":"if","locations":[{"start":{"line":134,"column":8},"end":{"line":134,"column":8}},{"start":{"line":134,"column":8},"end":{"line":134,"column":8}}]},"10":{"line":136,"type":"if","locations":[{"start":{"line":136,"column":8},"end":{"line":136,"column":8}},{"start":{"line":136,"column":8},"end":{"line":136,"column":8}}]},"11":{"line":141,"type":"if","locations":[{"start":{"line":141,"column":8},"end":{"line":141,"column":8}},{"start":{"line":141,"column":8},"end":{"line":141,"column":8}}]},"12":{"line":154,"type":"if","locations":[{"start":{"line":154,"column":15},"end":{"line":154,"column":15}},{"start":{"line":154,"column":15},"end":{"line":154,"column":15}}]},"13":{"line":154,"type":"if","locations":[{"start":{"line":154,"column":25},"end":{"line":154,"column":25}},{"start":{"line":154,"column":25},"end":{"line":154,"column":25}}]},"14":{"line":154,"type":"if","locations":[{"start":{"line":154,"column":34},"end":{"line":154,"column":34}},{"start":{"line":154,"column":34},"end":{"line":154,"column":34}}]},"15":{"line":155,"type":"if","locations":[{"start":{"line":155,"column":8},"end":{"line":155,"column":8}},{"start":{"line":155,"column":8},"end":{"line":155,"column":8}}]},"16":{"line":156,"type":"if","locations":[{"start":{"line":156,"column":8},"end":{"line":156,"column":8}},{"start":{"line":156,"column":8},"end":{"line":156,"column":8}}]},"17":{"line":157,"type":"if","locations":[{"start":{"line":157,"column":8},"end":{"line":157,"column":8}},{"start":{"line":157,"column":8},"end":{"line":157,"column":8}}]},"18":{"line":163,"type":"if","locations":[{"start":{"line":163,"column":39},"end":{"line":163,"column":39}},{"start":{"line":163,"column":39},"end":{"line":163,"column":39}}]},"19":{"line":163,"type":"if","locations":[{"start":{"line":163,"column":48},"end":{"line":163,"column":48}},{"start":{"line":163,"column":48},"end":{"line":163,"column":48}}]},"20":{"line":164,"type":"if","locations":[{"start":{"line":164,"column":8},"end":{"line":164,"column":8}},{"start":{"line":164,"column":8},"end":{"line":164,"column":8}}]},"21":{"line":174,"type":"if","locations":[{"start":{"line":174,"column":72},"end":{"line":174,"column":72}},{"start":{"line":174,"column":72},"end":{"line":174,"column":72}}]},"22":{"line":174,"type":"if","locations":[{"start":{"line":174,"column":82},"end":{"line":174,"column":82}},{"start":{"line":174,"column":82},"end":{"line":174,"column":82}}]},"23":{"line":174,"type":"if","locations":[{"start":{"line":174,"column":91},"end":{"line":174,"column":91}},{"start":{"line":174,"column":91},"end":{"line":174,"column":91}}]},"24":{"line":175,"type":"if","locations":[{"start":{"line":175,"column":8},"end":{"line":175,"column":8}},{"start":{"line":175,"column":8},"end":{"line":175,"column":8}}]},"25":{"line":176,"type":"if","locations":[{"start":{"line":176,"column":8},"end":{"line":176,"column":8}},{"start":{"line":176,"column":8},"end":{"line":176,"column":8}}]},"26":{"line":177,"type":"if","locations":[{"start":{"line":177,"column":8},"end":{"line":177,"column":8}},{"start":{"line":177,"column":8},"end":{"line":177,"column":8}}]},"27":{"line":187,"type":"if","locations":[{"start":{"line":187,"column":64},"end":{"line":187,"column":64}},{"start":{"line":187,"column":64},"end":{"line":187,"column":64}}]},"28":{"line":187,"type":"if","locations":[{"start":{"line":187,"column":74},"end":{"line":187,"column":74}},{"start":{"line":187,"column":74},"end":{"line":187,"column":74}}]},"29":{"line":188,"type":"if","locations":[{"start":{"line":188,"column":8},"end":{"line":188,"column":8}},{"start":{"line":188,"column":8},"end":{"line":188,"column":8}}]},"30":{"line":196,"type":"if","locations":[{"start":{"line":196,"column":8},"end":{"line":196,"column":8}},{"start":{"line":196,"column":8},"end":{"line":196,"column":8}}]},"31":{"line":207,"type":"if","locations":[{"start":{"line":207,"column":12},"end":{"line":207,"column":12}},{"start":{"line":207,"column":12},"end":{"line":207,"column":12}}]},"32":{"line":208,"type":"if","locations":[{"start":{"line":208,"column":16},"end":{"line":208,"column":16}},{"start":{"line":208,"column":16},"end":{"line":208,"column":16}}]},"33":{"line":216,"type":"if","locations":[{"start":{"line":216,"column":47},"end":{"line":216,"column":47}},{"start":{"line":216,"column":47},"end":{"line":216,"column":47}}]},"34":{"line":217,"type":"if","locations":[{"start":{"line":217,"column":8},"end":{"line":217,"column":8}},{"start":{"line":217,"column":8},"end":{"line":217,"column":8}}]},"35":{"line":226,"type":"if","locations":[{"start":{"line":226,"column":81},"end":{"line":226,"column":81}},{"start":{"line":226,"column":81},"end":{"line":226,"column":81}}]},"36":{"line":226,"type":"if","locations":[{"start":{"line":226,"column":90},"end":{"line":226,"column":90}},{"start":{"line":226,"column":90},"end":{"line":226,"column":90}}]},"37":{"line":227,"type":"if","locations":[{"start":{"line":227,"column":8},"end":{"line":227,"column":8}},{"start":{"line":227,"column":8},"end":{"line":227,"column":8}}]},"38":{"line":228,"type":"if","locations":[{"start":{"line":228,"column":8},"end":{"line":228,"column":8}},{"start":{"line":228,"column":8},"end":{"line":228,"column":8}}]},"39":{"line":232,"type":"if","locations":[{"start":{"line":232,"column":8},"end":{"line":232,"column":8}},{"start":{"line":232,"column":8},"end":{"line":232,"column":8}}]},"40":{"line":242,"type":"if","locations":[{"start":{"line":242,"column":12},"end":{"line":242,"column":12}},{"start":{"line":242,"column":12},"end":{"line":242,"column":12}}]},"41":{"line":244,"type":"if","locations":[{"start":{"line":244,"column":16},"end":{"line":244,"column":16}},{"start":{"line":244,"column":16},"end":{"line":244,"column":16}}]},"42":{"line":261,"type":"if","locations":[{"start":{"line":261,"column":28},"end":{"line":261,"column":28}},{"start":{"line":261,"column":28},"end":{"line":261,"column":28}}]}}},
"contracts/USDC.sol":{"l":{"9":126,"13":43},"path":"/Users/nasir/code/dtrust-contracts/contracts/USDC.sol","s":{"1":126,"2":43},"b":{"1":[43,0]},"f":{"1":126,"2":43},"fnMap":{"1":{"name":"constructor","line":8,"loc":{"start":{"line":8,"column":4},"end":{"line":10,"column":4}}},"2":{"name":"mint","line":12,"loc":{"start":{"line":12,"column":4},"end":{"line":14,"column":4}}}},"statementMap":{"1":{"start":{"line":9,"column":8},"end":{"line":9,"column":58}},"2":{"start":{"line":13,"column":8},"end":{"line":13,"column":24}}},"branchMap":{"1":{"line":12,"type":"if","locations":[{"start":{"line":12,"column":53},"end":{"line":12,"column":53}},{"start":{"line":12,"column":53},"end":{"line":12,"column":53}}]}}},
"contracts/USDT.sol":{"l":{"9":138,"13":44},"path":"/Users/nasir/code/dtrust-contracts/contracts/USDT.sol","s":{"1":138,"2":44},"b":{"1":[44,0]},"f":{"1":138,"2":44},"fnMap":{"1":{"name":"constructor","line":8,"loc":{"start":{"line":8,"column":4},"end":{"line":10,"column":4}}},"2":{"name":"mint","line":12,"loc":{"start":{"line":12,"column":4},"end":{"line":14,"column":4}}}},"statementMap":{"1":{"start":{"line":9,"column":8},"end":{"line":9,"column":58}},"2":{"start":{"line":13,"column":8},"end":{"line":13,"column":24}}},"branchMap":{"1":{"line":12,"type":"if","locations":[{"start":{"line":12,"column":53},"end":{"line":12,"column":53}},{"start":{"line":12,"column":53},"end":{"line":12,"column":53}}]}}}}
