TN:
SF:/Users/nasir/code/dtrust-contracts/contracts/DTrustFactory.sol
FN:33,constructor
FN:43,createDTRUST
FN:68,addUniqueUsers
FN:77,addUniqueUser
FN:88,getDTrustsByUser
FN:94,collectAnnualFeeForTrust
FN:100,getAllDTrustsCount
FNF:7
FNH:7
FNDA:138,constructor
FNDA:48,createDTRUST
FNDA:94,addUniqueUsers
FNDA:142,addUniqueUser
FNDA:3,getDTrustsByUser
FNDA:9,collectAnnualFeeForTrust
FNDA:2,getAllDTrustsCount
DA:34,138
DA:50,48
DA:58,47
DA:59,47
DA:60,47
DA:61,47
DA:62,47
DA:69,94
DA:70,95
DA:78,142
DA:79,141
DA:80,141
DA:81,141
DA:89,3
DA:95,9
DA:101,2
LF:16
LH:16
BRDA:78,1,0,141
BRDA:78,1,1,1
BRF:2
BRH:2
end_of_record
TN:
SF:/Users/nasir/code/dtrust-contracts/contracts/DTrustV1.sol
FN:51,isTrustee
FN:56,isActive
FN:68,constructor
FN:94,addBeneficiaries
FN:103,addRevokableAddresses
FN:112,addTrustees
FN:121,depositEth
FN:131,depositToken
FN:154,payout
FN:163,revokeContract
FN:174,payoutEth
FN:187,payoutRemaining
FN:195,payoutAll
FN:216,removeRevokableAddress
FN:226,takeAnnualFee
FN:261,getTrustInfo
FNF:16
FNH:16
FNDA:20,isTrustee
FNDA:138,isActive
FNDA:48,constructor
FNDA:48,addBeneficiaries
FNDA:48,addRevokableAddresses
FNDA:48,addTrustees
FNDA:3,depositEth
FNDA:88,depositToken
FNDA:8,payout
FNDA:15,revokeContract
FNDA:4,payoutEth
FNDA:3,payoutRemaining
FNDA:15,payoutAll
FNDA:2,removeRevokableAddress
FNDA:9,takeAnnualFee
FNDA:1,getTrustInfo
DA:52,20
DA:53,17
DA:57,138
DA:58,130
DA:76,48
DA:77,48
DA:78,48
DA:79,48
DA:80,48
DA:81,48
DA:82,47
DA:83,47
DA:88,9
DA:89,9
DA:95,48
DA:96,48
DA:97,48
DA:104,48
DA:105,48
DA:106,47
DA:113,48
DA:114,49
DA:115,49
DA:122,3
DA:123,2
DA:124,2
DA:132,88
DA:133,88
DA:134,86
DA:136,84
DA:137,84
DA:138,84
DA:141,84
DA:142,84
DA:155,8
DA:156,7
DA:157,6
DA:158,6
DA:164,15
DA:165,13
DA:166,13
DA:167,13
DA:175,4
DA:176,3
DA:177,2
DA:178,1
DA:179,1
DA:180,1
DA:181,1
DA:188,3
DA:189,2
DA:196,15
DA:197,1
DA:198,1
DA:199,1
DA:200,1
DA:203,15
DA:204,29
DA:205,29
DA:207,29
DA:208,25
DA:209,25
DA:217,2
DA:218,1
DA:219,1
DA:227,9
DA:228,8
DA:230,7
DA:232,7
DA:233,2
DA:234,2
DA:235,2
DA:236,2
DA:239,7
DA:240,14
DA:241,14
DA:242,14
DA:243,12
DA:244,12
DA:245,12
DA:249,7
DA:270,1
LF:82
LH:82
BRDA:52,1,0,17
BRDA:52,1,1,3
BRDA:57,2,0,130
BRDA:57,2,1,8
BRDA:105,3,0,47
BRDA:105,3,1,1
BRDA:105,4,0,0
BRDA:105,4,1,47
BRDA:121,5,0,3
BRDA:121,5,1,1
BRDA:122,6,0,2
BRDA:122,6,1,1
BRDA:131,7,0,88
BRDA:131,7,1,1
BRDA:133,8,0,86
BRDA:133,8,1,2
BRDA:134,9,0,84
BRDA:134,9,1,2
BRDA:136,10,0,84
BRDA:136,10,1,0
BRDA:141,11,0,84
BRDA:141,11,1,0
BRDA:154,12,0,9
BRDA:154,12,1,1
BRDA:154,13,0,8
BRDA:154,13,1,1
BRDA:154,14,0,8
BRDA:154,14,1,0
BRDA:155,15,0,7
BRDA:155,15,1,1
BRDA:156,16,0,6
BRDA:156,16,1,1
BRDA:157,17,0,6
BRDA:157,17,1,0
BRDA:163,18,0,15
BRDA:163,18,1,1
BRDA:163,19,0,15
BRDA:163,19,1,0
BRDA:164,20,0,13
BRDA:164,20,1,2
BRDA:174,21,0,5
BRDA:174,21,1,1
BRDA:174,22,0,4
BRDA:174,22,1,1
BRDA:174,23,0,4
BRDA:174,23,1,0
BRDA:175,24,0,3
BRDA:175,24,1,1
BRDA:176,25,0,2
BRDA:176,25,1,1
BRDA:177,26,0,1
BRDA:177,26,1,1
BRDA:187,27,0,3
BRDA:187,27,1,1
BRDA:187,28,0,3
BRDA:187,28,1,0
BRDA:188,29,0,2
BRDA:188,29,1,1
BRDA:196,30,0,1
BRDA:196,30,1,14
BRDA:207,31,0,25
BRDA:207,31,1,4
BRDA:208,32,0,25
BRDA:208,32,1,0
BRDA:216,33,0,2
BRDA:216,33,1,1
BRDA:217,34,0,1
BRDA:217,34,1,1
BRDA:226,35,0,9
BRDA:226,35,1,1
BRDA:226,36,0,9
BRDA:226,36,1,0
BRDA:227,37,0,8
BRDA:227,37,1,1
BRDA:228,38,0,7
BRDA:228,38,1,1
BRDA:232,39,0,2
BRDA:232,39,1,5
BRDA:242,40,0,12
BRDA:242,40,1,2
BRDA:244,41,0,12
BRDA:244,41,1,0
BRDA:261,42,0,1
BRDA:261,42,1,1
BRF:84
BRH:73
end_of_record
TN:
SF:/Users/nasir/code/dtrust-contracts/contracts/USDC.sol
FN:8,constructor
FN:12,mint
FNF:2
FNH:2
FNDA:126,constructor
FNDA:43,mint
DA:9,126
DA:13,43
LF:2
LH:2
BRDA:12,1,0,43
BRDA:12,1,1,0
BRF:2
BRH:1
end_of_record
TN:
SF:/Users/nasir/code/dtrust-contracts/contracts/USDT.sol
FN:8,constructor
FN:12,mint
FNF:2
FNH:2
FNDA:138,constructor
FNDA:44,mint
DA:9,138
DA:13,44
LF:2
LH:2
BRDA:12,1,0,44
BRDA:12,1,1,0
BRF:2
BRH:1
end_of_record
